TN:
SF:api/index.ts
FN:11,(anonymous_1)
FN:16,(anonymous_2)
FN:31,(anonymous_3)
FNF:3
FNH:1
FNDA:0,(anonymous_1)
FNDA:0,(anonymous_2)
FNDA:1,(anonymous_3)
DA:1,1
DA:2,1
DA:3,1
DA:5,1
DA:6,1
DA:8,1
DA:11,1
DA:12,0
DA:16,1
DA:17,0
DA:25,1
DA:28,1
DA:31,1
DA:32,1
DA:36,1
LF:15
LH:13
BRDA:6,0,0,1
BRDA:6,0,1,1
BRF:2
BRH:2
end_of_record
TN:
SF:api/controllers/scriptController.ts
FN:7,(anonymous_8)
FN:7,(anonymous_9)
FN:23,(anonymous_10)
FN:23,(anonymous_11)
FN:33,(anonymous_12)
FN:33,(anonymous_13)
FN:49,(anonymous_14)
FN:49,(anonymous_15)
FN:66,(anonymous_16)
FN:66,(anonymous_17)
FNF:10
FNH:4
FNDA:20,(anonymous_8)
FNDA:20,(anonymous_9)
FNDA:2,(anonymous_10)
FNDA:2,(anonymous_11)
FNDA:0,(anonymous_12)
FNDA:0,(anonymous_13)
FNDA:0,(anonymous_14)
FNDA:0,(anonymous_15)
FNDA:0,(anonymous_16)
FNDA:0,(anonymous_17)
DA:2,1
DA:3,1
DA:7,20
DA:8,20
DA:9,20
DA:10,19
DA:12,19
DA:15,19
DA:18,1
DA:23,2
DA:24,2
DA:25,2
DA:26,1
DA:28,1
DA:33,1
DA:34,0
DA:35,0
DA:36,0
DA:39,0
DA:40,0
DA:42,0
DA:44,0
DA:49,1
DA:50,0
DA:51,0
DA:52,0
DA:54,0
DA:58,0
DA:61,0
DA:66,1
DA:67,0
DA:68,0
DA:69,0
DA:72,0
DA:74,0
LF:35
LH:17
BRDA:13,0,0,19
BRDA:13,0,1,0
BRDA:39,1,0,0
BRF:3
BRH:1
end_of_record
TN:
SF:api/middleware/errorHandler.ts
FN:6,(anonymous_0)
FN:7,(anonymous_1)
FN:14,(anonymous_2)
FN:24,(anonymous_3)
FNF:4
FNH:3
FNDA:1,(anonymous_0)
FNDA:2,(anonymous_1)
FNDA:0,(anonymous_2)
FNDA:2,(anonymous_3)
DA:2,1
DA:3,1
DA:6,1
DA:7,2
DA:12,1
DA:15,0
DA:16,0
DA:18,0
DA:20,0
DA:24,1
DA:25,2
DA:27,2
DA:28,2
DA:33,2
DA:34,0
DA:35,0
DA:36,2
DA:37,1
DA:38,1
DA:42,1
DA:44,0
DA:46,0
DA:47,0
DA:48,0
DA:55,0
DA:56,0
DA:57,0
DA:59,1
DA:60,0
DA:61,0
DA:62,1
DA:64,1
DA:69,2
LF:33
LH:18
BRDA:33,0,0,0
BRDA:33,0,1,2
BRDA:33,1,0,2
BRDA:33,1,1,0
BRDA:33,1,2,0
BRDA:33,1,3,0
BRDA:36,2,0,1
BRDA:36,2,1,1
BRDA:42,3,0,0
BRDA:42,3,1,1
BRDA:44,4,0,0
BRDA:44,4,1,0
BRDA:59,5,0,0
BRDA:59,5,1,1
BRDA:62,6,0,1
BRDA:64,7,0,1
BRDA:64,7,1,0
BRF:17
BRH:8
end_of_record
TN:
SF:api/middleware/rateLimiter.ts
FNF:0
FNH:0
DA:1,1
DA:4,1
LF:2
LH:2
BRF:0
BRH:0
end_of_record
TN:
SF:api/routes/scriptRoutes.ts
FNF:0
FNH:0
DA:1,1
DA:2,1
DA:9,1
DA:11,1
DA:14,1
DA:17,1
DA:18,1
DA:19,1
DA:20,1
DA:22,1
LF:10
LH:10
BRF:0
BRH:0
end_of_record
TN:
SF:api/schemas/scriptSchema.ts
FN:23,(anonymous_0)
FNF:1
FNH:0
FNDA:0,(anonymous_0)
DA:1,1
DA:4,1
DA:10,1
DA:19,1
DA:23,0
LF:5
LH:4
BRF:0
BRH:0
end_of_record
